0 info it worked if it ends with ok
1 verbose cli [ '/Applications/meanstack-3.0.6-0/nodejs/bin/.node.bin',
1 verbose cli   '/Applications/meanstack-3.0.6-0/nodejs/bin/npm',
1 verbose cli   'install',
1 verbose cli   'zlib',
1 verbose cli   '--save' ]
2 info using npm@2.11.2
3 info using node@v0.12.7
4 verbose install initial load of /Applications/meanstack-3.0.6-0/apps/optly_snippet/package.json
5 verbose installManyTop reading scoped package data from /Applications/meanstack-3.0.6-0/apps/optly_snippet/node_modules/async/package.json
6 verbose installManyTop reading scoped package data from /Applications/meanstack-3.0.6-0/apps/optly_snippet/node_modules/body-parser/package.json
7 verbose installManyTop reading scoped package data from /Applications/meanstack-3.0.6-0/apps/optly_snippet/node_modules/cookie-parser/package.json
8 verbose installManyTop reading scoped package data from /Applications/meanstack-3.0.6-0/apps/optly_snippet/node_modules/debug/package.json
9 verbose installManyTop reading scoped package data from /Applications/meanstack-3.0.6-0/apps/optly_snippet/node_modules/express/package.json
10 verbose installManyTop reading scoped package data from /Applications/meanstack-3.0.6-0/apps/optly_snippet/node_modules/handlebars/package.json
11 verbose installManyTop reading scoped package data from /Applications/meanstack-3.0.6-0/apps/optly_snippet/node_modules/hbs/package.json
12 verbose installManyTop reading scoped package data from /Applications/meanstack-3.0.6-0/apps/optly_snippet/node_modules/lodash/package.json
13 verbose installManyTop reading scoped package data from /Applications/meanstack-3.0.6-0/apps/optly_snippet/node_modules/morgan/package.json
14 verbose installManyTop reading scoped package data from /Applications/meanstack-3.0.6-0/apps/optly_snippet/node_modules/node-inspector/package.json
15 verbose installManyTop reading scoped package data from /Applications/meanstack-3.0.6-0/apps/optly_snippet/node_modules/nodemon/package.json
16 verbose installManyTop reading scoped package data from /Applications/meanstack-3.0.6-0/apps/optly_snippet/node_modules/request/package.json
17 verbose installManyTop reading scoped package data from /Applications/meanstack-3.0.6-0/apps/optly_snippet/node_modules/request-debug/package.json
18 verbose installManyTop reading scoped package data from /Applications/meanstack-3.0.6-0/apps/optly_snippet/node_modules/serve-favicon/package.json
19 info package.json node-inspector@0.12.3 No license field.
20 verbose readDependencies loading dependencies from /Applications/meanstack-3.0.6-0/apps/optly_snippet/package.json
21 silly cache add args [ 'zlib', null ]
22 verbose cache add spec zlib
23 silly cache add parsed spec { raw: 'zlib',
23 silly cache add   scope: null,
23 silly cache add   name: 'zlib',
23 silly cache add   rawSpec: '',
23 silly cache add   spec: '*',
23 silly cache add   type: 'range' }
24 silly addNamed zlib@*
25 verbose addNamed "*" is a valid semver range for zlib
26 silly addNameRange { name: 'zlib', range: '*', hasData: false }
27 silly mapToRegistry name zlib
28 silly mapToRegistry using default registry
29 silly mapToRegistry registry https://registry.npmjs.org/
30 silly mapToRegistry uri https://registry.npmjs.org/zlib
31 verbose addNameRange registry:https://registry.npmjs.org/zlib not in flight; fetching
32 verbose request uri https://registry.npmjs.org/zlib
33 verbose request no auth needed
34 info attempt registry request try #1 at 12:00:00
35 verbose request id b38cc8b6c8dafe5c
36 http request GET https://registry.npmjs.org/zlib
37 http 200 https://registry.npmjs.org/zlib
38 silly get cb [ 200,
38 silly get   { server: 'CouchDB/1.5.0 (Erlang OTP/R16B03)',
38 silly get     etag: '"EBQNZSBGN9EL34IT3BLYCYHQA"',
38 silly get     'content-type': 'application/json',
38 silly get     'cache-control': 'max-age=60',
38 silly get     'content-length': '6082',
38 silly get     'accept-ranges': 'bytes',
38 silly get     date: 'Thu, 08 Oct 2015 19:00:00 GMT',
38 silly get     via: '1.1 varnish',
38 silly get     age: '0',
38 silly get     connection: 'keep-alive',
38 silly get     'x-served-by': 'cache-lax1431-LAX',
38 silly get     'x-cache': 'MISS',
38 silly get     'x-cache-hits': '0',
38 silly get     'x-timer': 'S1444330800.919464,VS0,VE53',
38 silly get     vary: 'Accept' } ]
39 verbose get saving zlib to /Users/ssmitherman/.npm/registry.npmjs.org/zlib/.cache.json
40 silly addNameRange number 2 { name: 'zlib', range: '*', hasData: true }
41 silly addNameRange versions [ 'zlib',
41 silly addNameRange   [ '1.0.0', '1.0.1', '1.0.2', '1.0.3', '1.0.4', '1.0.5' ] ]
42 silly addNamed zlib@1.0.5
43 verbose addNamed "1.0.5" is a plain semver version for zlib
44 silly mapToRegistry name zlib
45 silly mapToRegistry using default registry
46 silly mapToRegistry registry https://registry.npmjs.org/
47 silly mapToRegistry uri https://registry.npmjs.org/zlib
48 verbose addRemoteTarball https://registry.npmjs.org/zlib/-/zlib-1.0.5.tgz not in flight; adding
49 verbose addRemoteTarball [ 'https://registry.npmjs.org/zlib/-/zlib-1.0.5.tgz',
49 verbose addRemoteTarball   '6e7c972fc371c645a6afb03ab14769def114fcc0' ]
50 info retry fetch attempt 1 at 12:00:00
51 info attempt registry request try #1 at 12:00:00
52 http fetch GET https://registry.npmjs.org/zlib/-/zlib-1.0.5.tgz
53 http fetch 200 https://registry.npmjs.org/zlib/-/zlib-1.0.5.tgz
54 silly fetchAndShaCheck shasum 6e7c972fc371c645a6afb03ab14769def114fcc0
55 verbose addTmpTarball /var/folders/vh/142pn6nd18q58_36ygx8g3f4dc015q/T/npm-44079-4c7a3182/registry.npmjs.org/zlib/-/zlib-1.0.5.tgz not in flight; adding
56 verbose addTmpTarball already have metadata; skipping unpack for zlib@1.0.5
57 silly cache afterAdd zlib@1.0.5
58 verbose afterAdd /Users/ssmitherman/.npm/zlib/1.0.5/package/package.json not in flight; writing
59 verbose afterAdd /Users/ssmitherman/.npm/zlib/1.0.5/package/package.json written
60 silly install resolved [ { name: 'zlib',
60 silly install resolved     description: 'Simple, synchronous deflate/inflate for buffers',
60 silly install resolved     version: '1.0.5',
60 silly install resolved     homepage: 'https://github.com/kkaefer/node-zlib',
60 silly install resolved     author: { name: 'Konstantin Käfer', email: 'kkaefer@gmail.com' },
60 silly install resolved     repository: { type: 'git', url: 'git://github.com/kkaefer/node-zlib.git' },
60 silly install resolved     engines: { node: '>=0.2.0' },
60 silly install resolved     licenses: [ [Object] ],
60 silly install resolved     main: './lib/zlib',
60 silly install resolved     _npmJsonOpts:
60 silly install resolved      { file: '/Users/kkaefer/.npm/zlib/1.0.5/package/package.json',
60 silly install resolved        contributors: false,
60 silly install resolved        serverjs: false,
60 silly install resolved        wscript: true },
60 silly install resolved     _id: 'zlib@1.0.5',
60 silly install resolved     scripts: { preinstall: 'node-waf clean || true; node-waf configure build' },
60 silly install resolved     dependencies: {},
60 silly install resolved     devDependencies: {},
60 silly install resolved     _engineSupported: true,
60 silly install resolved     _npmVersion: '1.0.23',
60 silly install resolved     _nodeVersion: 'v0.4.9',
60 silly install resolved     _defaultsLoaded: true,
60 silly install resolved     dist:
60 silly install resolved      { shasum: '6e7c972fc371c645a6afb03ab14769def114fcc0',
60 silly install resolved        tarball: 'http://registry.npmjs.org/zlib/-/zlib-1.0.5.tgz' },
60 silly install resolved     maintainers: [ [Object], [Object], [Object], [Object], [Object] ],
60 silly install resolved     directories: {},
60 silly install resolved     _shasum: '6e7c972fc371c645a6afb03ab14769def114fcc0',
60 silly install resolved     _resolved: 'https://registry.npmjs.org/zlib/-/zlib-1.0.5.tgz',
60 silly install resolved     _from: 'zlib@*' } ]
61 info install zlib@1.0.5 into /Applications/meanstack-3.0.6-0/apps/optly_snippet
62 info installOne zlib@1.0.5
63 verbose installOne of zlib to /Applications/meanstack-3.0.6-0/apps/optly_snippet not in flight; installing
64 verbose lock using /Users/ssmitherman/.npm/_locks/zlib-32eb1086b4fcb1b0.lock for /Applications/meanstack-3.0.6-0/apps/optly_snippet/node_modules/zlib
65 silly install write writing zlib 1.0.5 to /Applications/meanstack-3.0.6-0/apps/optly_snippet/node_modules/zlib
66 verbose unbuild node_modules/zlib
67 silly gentlyRm /Applications/meanstack-3.0.6-0/apps/optly_snippet/node_modules/zlib is being purged from base /Applications/meanstack-3.0.6-0/apps/optly_snippet
68 verbose gentlyRm don't care about contents; nuking /Applications/meanstack-3.0.6-0/apps/optly_snippet/node_modules/zlib
69 verbose tar unpack /Users/ssmitherman/.npm/zlib/1.0.5/package.tgz
70 verbose tar unpacking to /Applications/meanstack-3.0.6-0/apps/optly_snippet/node_modules/zlib
71 silly gentlyRm /Applications/meanstack-3.0.6-0/apps/optly_snippet/node_modules/zlib is being purged
72 verbose gentlyRm don't care about contents; nuking /Applications/meanstack-3.0.6-0/apps/optly_snippet/node_modules/zlib
73 silly gunzTarPerm modes [ '755', '644' ]
74 silly gunzTarPerm extractEntry .gitignore
75 silly gunzTarPerm extractEntry configure
76 silly gunzTarPerm extractEntry index.js
77 silly gunzTarPerm extractEntry LICENSE
78 silly gunzTarPerm extractEntry Makefile
79 silly gunzTarPerm extractEntry package.json
80 silly gunzTarPerm extractEntry README.md
81 silly gunzTarPerm extractEntry wscript
82 silly gunzTarPerm extractEntry lib/zlib.js
83 silly gunzTarPerm extractEntry src/node-zlib.cc
84 silly gunzTarPerm extractEntry test/deflate.test.js
85 silly gunzTarPerm extractEntry test/inflate.test.js
86 verbose write writing to /Applications/meanstack-3.0.6-0/apps/optly_snippet/node_modules/zlib/package.json
87 info preinstall zlib@1.0.5
88 verbose unsafe-perm in lifecycle true
89 info zlib@1.0.5 Failed to exec preinstall script
90 verbose unlock done using /Users/ssmitherman/.npm/_locks/zlib-32eb1086b4fcb1b0.lock for /Applications/meanstack-3.0.6-0/apps/optly_snippet/node_modules/zlib
91 verbose stack Error: zlib@1.0.5 preinstall: `node-waf clean || true; node-waf configure build`
91 verbose stack spawn ENOENT
91 verbose stack     at ChildProcess.<anonymous> (/Applications/meanstack-3.0.6-0/nodejs/lib/node_modules/npm/lib/utils/spawn.js:17:16)
91 verbose stack     at ChildProcess.emit (events.js:110:17)
91 verbose stack     at maybeClose (child_process.js:1015:16)
91 verbose stack     at Process.ChildProcess._handle.onexit (child_process.js:1087:5)
92 verbose pkgid zlib@1.0.5
93 verbose cwd /Applications/meanstack-3.0.6-0/apps/optly_snippet
94 error Darwin 14.5.0
95 error argv "/Applications/meanstack-3.0.6-0/nodejs/bin/.node.bin" "/Applications/meanstack-3.0.6-0/nodejs/bin/npm" "install" "zlib" "--save"
96 error node v0.12.7
97 error npm  v2.11.2
98 error file sh
99 error code ELIFECYCLE
100 error errno ENOENT
101 error syscall spawn
102 error zlib@1.0.5 preinstall: `node-waf clean || true; node-waf configure build`
102 error spawn ENOENT
103 error Failed at the zlib@1.0.5 preinstall script 'node-waf clean || true; node-waf configure build'.
103 error This is most likely a problem with the zlib package,
103 error not with npm itself.
103 error Tell the author that this fails on your system:
103 error     node-waf clean || true; node-waf configure build
103 error You can get their info via:
103 error     npm owner ls zlib
103 error There is likely additional logging output above.
104 verbose exit [ 1, true ]
105 verbose unbuild node_modules/zlib
106 info preuninstall zlib@1.0.5
107 info uninstall zlib@1.0.5
108 verbose unbuild rmStuff zlib@1.0.5 from /Applications/meanstack-3.0.6-0/apps/optly_snippet/node_modules
109 info postuninstall zlib@1.0.5
110 silly gentlyRm /Applications/meanstack-3.0.6-0/apps/optly_snippet/node_modules/zlib is being purged from base /Applications/meanstack-3.0.6-0/apps/optly_snippet
111 verbose gentlyRm don't care about contents; nuking /Applications/meanstack-3.0.6-0/apps/optly_snippet/node_modules/zlib
112 silly vacuum-fs purging /Applications/meanstack-3.0.6-0/apps/optly_snippet/node_modules/zlib
113 silly vacuum-fs quitting because other entries in /Applications/meanstack-3.0.6-0/apps/optly_snippet/node_modules
